  main.cpp
  ofApp.cpp
  Ball.cpp
d:\of_v0.11.0_vs2017_release\of_v0.11.0_vs2017_release\libs\openframeworks\math\ofvec3f.h : warning C4819: The file contains a character that cannot be represented in the current code page (936). Save the file in Unicode format to prevent data loss (compiling source file src\main.cpp)
d:\of_v0.11.0_vs2017_release\of_v0.11.0_vs2017_release\libs\openframeworks\math\ofvec2f.h : warning C4819: The file contains a character that cannot be represented in the current code page (936). Save the file in Unicode format to prevent data loss (compiling source file src\main.cpp)
d:\of_v0.11.0_vs2017_release\of_v0.11.0_vs2017_release\libs\openframeworks\math\ofvec3f.h : warning C4819: The file contains a character that cannot be represented in the current code page (936). Save the file in Unicode format to prevent data loss (compiling source file src\ofApp.cpp)
d:\of_v0.11.0_vs2017_release\of_v0.11.0_vs2017_release\libs\openframeworks\math\ofvec2f.h : warning C4819: The file contains a character that cannot be represented in the current code page (936). Save the file in Unicode format to prevent data loss (compiling source file src\ofApp.cpp)
d:\of_v0.11.0_vs2017_release\of_v0.11.0_vs2017_release\libs\openframeworks\math\ofvec3f.h : warning C4819: The file contains a character that cannot be represented in the current code page (936). Save the file in Unicode format to prevent data loss (compiling source file src\Ball.cpp)
d:\of_v0.11.0_vs2017_release\of_v0.11.0_vs2017_release\libs\openframeworks\math\ofvec2f.h : warning C4819: The file contains a character that cannot be represented in the current code page (936). Save the file in Unicode format to prevent data loss (compiling source file src\Ball.cpp)
d:\of_v0.11.0_vs2017_release\of_v0.11.0_vs2017_release\libs\openframeworks\math\ofmatrix4x4.h(326): warning C4267: 'argument': conversion from 'size_t' to 'int', possible loss of data (compiling source file src\main.cpp)
d:\of_v0.11.0_vs2017_release\of_v0.11.0_vs2017_release\libs\openframeworks\math\ofmatrix4x4.h(331): warning C4267: 'argument': conversion from 'size_t' to 'int', possible loss of data (compiling source file src\main.cpp)
d:\of_v0.11.0_vs2017_release\of_v0.11.0_vs2017_release\libs\openframeworks\math\ofmatrix4x4.h(912): warning C4267: 'argument': conversion from 'size_t' to 'int', possible loss of data (compiling source file src\main.cpp)
d:\of_v0.11.0_vs2017_release\of_v0.11.0_vs2017_release\libs\openframeworks\math\ofmatrix4x4.h(913): warning C4267: 'argument': conversion from 'size_t' to 'int', possible loss of data (compiling source file src\main.cpp)
d:\of_v0.11.0_vs2017_release\of_v0.11.0_vs2017_release\libs\openframeworks\math\ofmatrix4x4.h(914): warning C4267: 'argument': conversion from 'size_t' to 'int', possible loss of data (compiling source file src\main.cpp)
d:\of_v0.11.0_vs2017_release\of_v0.11.0_vs2017_release\libs\openframeworks\math\ofmatrix4x4.h(915): warning C4267: 'argument': conversion from 'size_t' to 'int', possible loss of data (compiling source file src\main.cpp)
d:\of_v0.11.0_vs2017_release\of_v0.11.0_vs2017_release\libs\openframeworks\math\ofmatrix4x4.h(326): warning C4267: 'argument': conversion from 'size_t' to 'int', possible loss of data (compiling source file src\ofApp.cpp)
d:\of_v0.11.0_vs2017_release\of_v0.11.0_vs2017_release\libs\openframeworks\math\ofmatrix4x4.h(331): warning C4267: 'argument': conversion from 'size_t' to 'int', possible loss of data (compiling source file src\ofApp.cpp)
d:\of_v0.11.0_vs2017_release\of_v0.11.0_vs2017_release\libs\openframeworks\math\ofmatrix4x4.h(912): warning C4267: 'argument': conversion from 'size_t' to 'int', possible loss of data (compiling source file src\ofApp.cpp)
d:\of_v0.11.0_vs2017_release\of_v0.11.0_vs2017_release\libs\openframeworks\math\ofmatrix4x4.h(913): warning C4267: 'argument': conversion from 'size_t' to 'int', possible loss of data (compiling source file src\ofApp.cpp)
d:\of_v0.11.0_vs2017_release\of_v0.11.0_vs2017_release\libs\openframeworks\math\ofmatrix4x4.h(914): warning C4267: 'argument': conversion from 'size_t' to 'int', possible loss of data (compiling source file src\ofApp.cpp)
d:\of_v0.11.0_vs2017_release\of_v0.11.0_vs2017_release\libs\openframeworks\math\ofmatrix4x4.h(915): warning C4267: 'argument': conversion from 'size_t' to 'int', possible loss of data (compiling source file src\ofApp.cpp)
d:\of_v0.11.0_vs2017_release\of_v0.11.0_vs2017_release\libs\openframeworks\math\ofmatrix4x4.h(326): warning C4267: 'argument': conversion from 'size_t' to 'int', possible loss of data (compiling source file src\Ball.cpp)
d:\of_v0.11.0_vs2017_release\of_v0.11.0_vs2017_release\libs\openframeworks\math\ofmatrix4x4.h(331): warning C4267: 'argument': conversion from 'size_t' to 'int', possible loss of data (compiling source file src\Ball.cpp)
d:\of_v0.11.0_vs2017_release\of_v0.11.0_vs2017_release\libs\openframeworks\math\ofmatrix4x4.h(912): warning C4267: 'argument': conversion from 'size_t' to 'int', possible loss of data (compiling source file src\Ball.cpp)
d:\of_v0.11.0_vs2017_release\of_v0.11.0_vs2017_release\libs\openframeworks\math\ofmatrix4x4.h(913): warning C4267: 'argument': conversion from 'size_t' to 'int', possible loss of data (compiling source file src\Ball.cpp)
d:\of_v0.11.0_vs2017_release\of_v0.11.0_vs2017_release\libs\openframeworks\math\ofmatrix4x4.h(914): warning C4267: 'argument': conversion from 'size_t' to 'int', possible loss of data (compiling source file src\Ball.cpp)
d:\of_v0.11.0_vs2017_release\of_v0.11.0_vs2017_release\libs\openframeworks\math\ofmatrix4x4.h(915): warning C4267: 'argument': conversion from 'size_t' to 'int', possible loss of data (compiling source file src\Ball.cpp)
     Creating library bin\bouncingBall_debug.lib and object bin\bouncingBall_debug.exp
  bouncingBall.vcxproj -> D:\刘蔼宁大一上\Media Art 206\ComputerGraphics2020\Week 01 - Class 02\Code\bouncingBall\bin\bouncingBall_debug.exe
  
  	                   2	D:\of_v0.11.0_vs2017_release\of_v0.11.0_vs2017_release\libs\fmodex\lib\vs\x64\
  	    新文件    		 1503232	D:\of_v0.11.0_vs2017_release\of_v0.11.0_vs2017_release\libs\fmodex\lib\vs\x64\fmodex64.dll
  	    新文件    		 1552384	D:\of_v0.11.0_vs2017_release\of_v0.11.0_vs2017_release\libs\fmodex\lib\vs\x64\fmodexL64.dll
  
  	                   1	D:\of_v0.11.0_vs2017_release\of_v0.11.0_vs2017_release\libs\FreeImage\lib\vs\x64\
  	  *多余文件   		 1503232	D:\刘蔼宁大一上\Media Art 206\ComputerGraphics2020\Week 01 - Class 02\Code\bouncingBall\bin\fmodex64.dll
  	  *多余文件   		 1552384	D:\刘蔼宁大一上\Media Art 206\ComputerGraphics2020\Week 01 - Class 02\Code\bouncingBall\bin\fmodexL64.dll
  	    新文件    		 6942208	D:\of_v0.11.0_vs2017_release\of_v0.11.0_vs2017_release\libs\FreeImage\lib\vs\x64\FreeImage.dll
