  main.cpp
  ofApp.cpp
  Ball.cpp
  SquareBall.cpp
d:\of_v0.11.0_vs2017_release\libs\openframeworks\math\ofvec3f.h : warning C4819: 檔案含有無法在目前字碼頁 (936) 中表示的字元。請以 Unicode 格式儲存檔案以防止資料遺失 (正在編譯原始程式檔 src\main.cpp)
d:\of_v0.11.0_vs2017_release\libs\openframeworks\math\ofvec2f.h : warning C4819: 檔案含有無法在目前字碼頁 (936) 中表示的字元。請以 Unicode 格式儲存檔案以防止資料遺失 (正在編譯原始程式檔 src\main.cpp)
d:\of_v0.11.0_vs2017_release\libs\openframeworks\math\ofvec3f.h : warning C4819: 檔案含有無法在目前字碼頁 (936) 中表示的字元。請以 Unicode 格式儲存檔案以防止資料遺失 (正在編譯原始程式檔 src\ofApp.cpp)
d:\of_v0.11.0_vs2017_release\libs\openframeworks\math\ofvec2f.h : warning C4819: 檔案含有無法在目前字碼頁 (936) 中表示的字元。請以 Unicode 格式儲存檔案以防止資料遺失 (正在編譯原始程式檔 src\ofApp.cpp)
d:\of_v0.11.0_vs2017_release\libs\openframeworks\math\ofvec3f.h : warning C4819: 檔案含有無法在目前字碼頁 (936) 中表示的字元。請以 Unicode 格式儲存檔案以防止資料遺失 (正在編譯原始程式檔 src\Ball.cpp)
d:\of_v0.11.0_vs2017_release\libs\openframeworks\math\ofvec2f.h : warning C4819: 檔案含有無法在目前字碼頁 (936) 中表示的字元。請以 Unicode 格式儲存檔案以防止資料遺失 (正在編譯原始程式檔 src\Ball.cpp)
d:\of_v0.11.0_vs2017_release\libs\openframeworks\math\ofvec3f.h : warning C4819: 檔案含有無法在目前字碼頁 (936) 中表示的字元。請以 Unicode 格式儲存檔案以防止資料遺失 (正在編譯原始程式檔 src\SquareBall.cpp)
d:\of_v0.11.0_vs2017_release\libs\openframeworks\math\ofvec2f.h : warning C4819: 檔案含有無法在目前字碼頁 (936) 中表示的字元。請以 Unicode 格式儲存檔案以防止資料遺失 (正在編譯原始程式檔 src\SquareBall.cpp)
     正在建立程式庫 bin\squareBalls_debug.lib 和物件 bin\squareBalls_debug.exp
  squareBalls.vcxproj -> D:\of_v0.11.0_vs2017_release\apps\GitHub\ComputerGraphics2020\Week 01 - Class 02\Code\squareBalls\bin\squareBalls_debug.exe
  
  	                   2	D:\of_v0.11.0_vs2017_release\libs\fmodex\lib\vs\Win32\
  	    New File  		 1266176	D:\of_v0.11.0_vs2017_release\libs\fmodex\lib\vs\Win32\fmodex.dll
  	    New File  		 1312768	D:\of_v0.11.0_vs2017_release\libs\fmodex\lib\vs\Win32\fmodexL.dll
  
  	                   1	D:\of_v0.11.0_vs2017_release\libs\FreeImage\lib\vs\Win32\
  	  *EXTRA File 		 1266176	D:\of_v0.11.0_vs2017_release\apps\GitHub\ComputerGraphics2020\Week 01 - Class 02\Code\squareBalls\bin\fmodex.dll
  	  *EXTRA File 		 1312768	D:\of_v0.11.0_vs2017_release\apps\GitHub\ComputerGraphics2020\Week 01 - Class 02\Code\squareBalls\bin\fmodexL.dll
  	    New File  		 6018560	D:\of_v0.11.0_vs2017_release\libs\FreeImage\lib\vs\Win32\FreeImage.dll
